<?xml version="1.0" encoding="UTF-8"?>
<!-- Generated by org.testng.reporters.JUnitXMLReporter -->
<testsuite hostname="Asus-PC" ignored="0" name="Test" tests="3" failures="0" timestamp="2018-12-03T16:43:49 IST" time="41.945" errors="0">
  <testcase name="testValidLoginLogout" time="7.469" classname="com.actitime.tests.ValidLoginLogoutTest"/>
  <testcase name="testVerifyVersion" time="0.193" classname="com.actitime.tests.VerifyVersionTest"/>
  <testcase name="verifyBuildNo" time="5.884" classname="com.actitime.tests.VerifyBuildNumberTest"/>
</testsuite> <!-- Test -->
