<?xml version="1.0" encoding="UTF-8"?>
<testng-results skipped="0" failed="0" ignored="0" total="3" passed="3">
  <reporter-output>
    <line>
      <![CDATA[Title is matching: actiTIME - Login]]>
    </line>
    <line>
      <![CDATA[Title is matching: actiTIME - Login]]>
    </line>
    <line>
      <![CDATA[Title is matching: actiTIME - Login]]>
    </line>
    <line>
      <![CDATA[element is present....]]>
    </line>
    <line>
      <![CDATA[version: actiTIME 2017.4]]>
    </line>
    <line>
      <![CDATA[element is present....]]>
    </line>
    <line>
      <![CDATA[Build number: (build 40469)]]>
    </line>
  </reporter-output>
  <suite name="Suite" duration-ms="41945" started-at="2018-12-03T16:43:07 IST" finished-at="2018-12-03T16:43:49 IST">
    <groups>
    </groups>
    <test name="Test" duration-ms="41945" started-at="2018-12-03T16:43:07 IST" finished-at="2018-12-03T16:43:49 IST">
      <class name="com.actitime.tests.ValidLoginLogoutTest">
        <test-method status="PASS" signature="preCondition()[pri:0, instance:com.actitime.tests.ValidLoginLogoutTest@14acaea5]" name="preCondition" is-config="true" duration-ms="8401" started-at="2018-12-03T16:43:07 IST" finished-at="2018-12-03T16:43:16 IST">
          <reporter-output>
          </reporter-output>
        </test-method> <!-- preCondition -->
        <test-method status="PASS" signature="testValidLoginLogout()[pri:1, instance:com.actitime.tests.ValidLoginLogoutTest@14acaea5]" name="testValidLoginLogout" duration-ms="7469" started-at="2018-12-03T16:43:16 IST" finished-at="2018-12-03T16:43:23 IST">
          <reporter-output>
            <line>
              <![CDATA[Title is matching: actiTIME - Login]]>
            </line>
            <line>
              <![CDATA[Title is matching: actiTIME - Login]]>
            </line>
          </reporter-output>
        </test-method> <!-- testValidLoginLogout -->
        <test-method status="PASS" signature="postCondition()[pri:0, instance:com.actitime.tests.ValidLoginLogoutTest@14acaea5]" name="postCondition" is-config="true" duration-ms="93" started-at="2018-12-03T16:43:23 IST" finished-at="2018-12-03T16:43:23 IST">
          <reporter-output>
          </reporter-output>
        </test-method> <!-- postCondition -->
      </class> <!-- com.actitime.tests.ValidLoginLogoutTest -->
      <class name="com.actitime.tests.VerifyBuildNumberTest">
        <test-method status="PASS" signature="preCondition()[pri:0, instance:com.actitime.tests.VerifyBuildNumberTest@4c70fda8]" name="preCondition" is-config="true" duration-ms="7464" started-at="2018-12-03T16:43:34 IST" finished-at="2018-12-03T16:43:41 IST">
          <reporter-output>
          </reporter-output>
        </test-method> <!-- preCondition -->
        <test-method status="PASS" signature="verifyBuildNo()[pri:3, instance:com.actitime.tests.VerifyBuildNumberTest@4c70fda8]" name="verifyBuildNo" duration-ms="5884" started-at="2018-12-03T16:43:41 IST" finished-at="2018-12-03T16:43:47 IST">
          <reporter-output>
            <line>
              <![CDATA[element is present....]]>
            </line>
            <line>
              <![CDATA[Build number: (build 40469)]]>
            </line>
          </reporter-output>
        </test-method> <!-- verifyBuildNo -->
        <test-method status="PASS" signature="postCondition()[pri:0, instance:com.actitime.tests.VerifyBuildNumberTest@4c70fda8]" name="postCondition" is-config="true" duration-ms="2070" started-at="2018-12-03T16:43:47 IST" finished-at="2018-12-03T16:43:49 IST">
          <reporter-output>
          </reporter-output>
        </test-method> <!-- postCondition -->
      </class> <!-- com.actitime.tests.VerifyBuildNumberTest -->
      <class name="com.actitime.tests.VerifyVersionTest">
        <test-method status="PASS" signature="preCondition()[pri:0, instance:com.actitime.tests.VerifyVersionTest@224edc67]" name="preCondition" is-config="true" duration-ms="8006" started-at="2018-12-03T16:43:23 IST" finished-at="2018-12-03T16:43:31 IST">
          <reporter-output>
          </reporter-output>
        </test-method> <!-- preCondition -->
        <test-method status="PASS" signature="testVerifyVersion()[pri:2, instance:com.actitime.tests.VerifyVersionTest@224edc67]" name="testVerifyVersion" duration-ms="193" started-at="2018-12-03T16:43:31 IST" finished-at="2018-12-03T16:43:31 IST">
          <reporter-output>
            <line>
              <![CDATA[Title is matching: actiTIME - Login]]>
            </line>
            <line>
              <![CDATA[element is present....]]>
            </line>
            <line>
              <![CDATA[version: actiTIME 2017.4]]>
            </line>
          </reporter-output>
        </test-method> <!-- testVerifyVersion -->
        <test-method status="PASS" signature="postCondition()[pri:0, instance:com.actitime.tests.VerifyVersionTest@224edc67]" name="postCondition" is-config="true" duration-ms="2312" started-at="2018-12-03T16:43:31 IST" finished-at="2018-12-03T16:43:34 IST">
          <reporter-output>
          </reporter-output>
        </test-method> <!-- postCondition -->
      </class> <!-- com.actitime.tests.VerifyVersionTest -->
    </test> <!-- Test -->
  </suite> <!-- Suite -->
</testng-results>
